[debug] [2023-03-28T11:39:26.414Z] ----------------------------------------------------------------------
[debug] [2023-03-28T11:39:26.415Z] Command:       C:\Program Files\nodejs\node.exe C:\Users\hp\AppData\Roaming\npm\node_modules\firebase-tools\lib\bin\firebase.js init
[debug] [2023-03-28T11:39:26.416Z] CLI Version:   11.25.1
[debug] [2023-03-28T11:39:26.417Z] Platform:      win32
[debug] [2023-03-28T11:39:26.417Z] Node Version:  v18.13.0
[debug] [2023-03-28T11:39:26.418Z] Time:          Tue Mar 28 2023 14:39:26 GMT+0300 (East Africa Time)
[debug] [2023-03-28T11:39:26.418Z] ----------------------------------------------------------------------
[debug] 
[debug] [2023-03-28T11:39:26.477Z] > command requires scopes: ["email","openid","https://www.googleapis.com/auth/cloudplatformprojects.readonly","https://www.googleapis.com/auth/firebase","https://www.googleapis.com/auth/cloud-platform"]
[debug] [2023-03-28T11:39:26.477Z] > authorizing via signed-in user (natenelassefa801@gmail.com)
[info] 
     ######## #### ########  ######## ########     ###     ######  ########
     ##        ##  ##     ## ##       ##     ##  ##   ##  ##       ##
     ######    ##  ########  ######   ########  #########  ######  ######
     ##        ##  ##    ##  ##       ##     ## ##     ##       ## ##
     ##       #### ##     ## ######## ########  ##     ##  ######  ########

You're about to initialize a Firebase project in this directory:

  C:\Users\hp\Documents\ALX\elarning\e-Learning

Before we get started, keep in mind:

  * You are initializing within an existing Firebase project directory

[info] 
=== Project Setup
[info] 
[info] First, let's associate this project directory with a Firebase project.
[info] You can create multiple project aliases by running firebase use --add, 
[info] but for now we'll just set up a default project.
[info] 
[debug] [2023-03-28T11:40:27.705Z] >>> [apiv2][query] GET https://firebase.googleapis.com/v1beta1/projects pageSize=100
[debug] [2023-03-28T11:40:28.641Z] <<< [apiv2][status] GET https://firebase.googleapis.com/v1beta1/projects 200
[debug] [2023-03-28T11:40:28.641Z] <<< [apiv2][body] GET https://firebase.googleapis.com/v1beta1/projects [omitted]
[info] i  Using project elearning-f6620 (eLearning ) 
[info] 
=== Database Setup
[info] i  database: ensuring required API firebasedatabase.googleapis.com is enabled... 
[debug] [2023-03-28T11:40:32.327Z] >>> [apiv2][query] GET https://serviceusage.googleapis.com/v1/projects/elearning-f6620/services/firebasedatabase.googleapis.com [none]
[debug] [2023-03-28T11:40:32.327Z] >>> [apiv2][(partial)header] GET https://serviceusage.googleapis.com/v1/projects/elearning-f6620/services/firebasedatabase.googleapis.com x-goog-quota-user=projects/elearning-f6620
[debug] [2023-03-28T11:40:34.431Z] <<< [apiv2][status] GET https://serviceusage.googleapis.com/v1/projects/elearning-f6620/services/firebasedatabase.googleapis.com 200
[debug] [2023-03-28T11:40:34.431Z] <<< [apiv2][body] GET https://serviceusage.googleapis.com/v1/projects/elearning-f6620/services/firebasedatabase.googleapis.com [omitted]
[warn] !  database: missing required API firebasedatabase.googleapis.com. Enabling now... 
[debug] [2023-03-28T11:40:34.432Z] >>> [apiv2][query] POST https://serviceusage.googleapis.com/v1/projects/elearning-f6620/services/firebasedatabase.googleapis.com:enable [none]
[debug] [2023-03-28T11:40:34.432Z] >>> [apiv2][(partial)header] POST https://serviceusage.googleapis.com/v1/projects/elearning-f6620/services/firebasedatabase.googleapis.com:enable x-goog-quota-user=projects/elearning-f6620
[debug] [2023-03-28T11:40:36.799Z] <<< [apiv2][status] POST https://serviceusage.googleapis.com/v1/projects/elearning-f6620/services/firebasedatabase.googleapis.com:enable 200
[debug] [2023-03-28T11:40:36.800Z] <<< [apiv2][body] POST https://serviceusage.googleapis.com/v1/projects/elearning-f6620/services/firebasedatabase.googleapis.com:enable [omitted]
[debug] [2023-03-28T11:40:46.814Z] >>> [apiv2][query] GET https://serviceusage.googleapis.com/v1/projects/elearning-f6620/services/firebasedatabase.googleapis.com [none]
[debug] [2023-03-28T11:40:46.815Z] >>> [apiv2][(partial)header] GET https://serviceusage.googleapis.com/v1/projects/elearning-f6620/services/firebasedatabase.googleapis.com x-goog-quota-user=projects/elearning-f6620
[debug] [2023-03-28T11:40:48.652Z] <<< [apiv2][status] GET https://serviceusage.googleapis.com/v1/projects/elearning-f6620/services/firebasedatabase.googleapis.com 200
[debug] [2023-03-28T11:40:48.652Z] <<< [apiv2][body] GET https://serviceusage.googleapis.com/v1/projects/elearning-f6620/services/firebasedatabase.googleapis.com [omitted]
[info] +  database: required API firebasedatabase.googleapis.com is enabled 
[info] 
[debug] [2023-03-28T11:40:48.657Z] >>> [apiv2][query] GET https://firebase.googleapis.com/v1beta1/projects/elearning-f6620 [none]
[debug] [2023-03-28T11:40:49.389Z] <<< [apiv2][status] GET https://firebase.googleapis.com/v1beta1/projects/elearning-f6620 200
[debug] [2023-03-28T11:40:49.389Z] <<< [apiv2][body] GET https://firebase.googleapis.com/v1beta1/projects/elearning-f6620 {"projectId":"elearning-f6620","projectNumber":"337037672325","displayName":"eLearning ","name":"projects/elearning-f6620","resources":{"hostingSite":"elearning-f6620"},"state":"ACTIVE","etag":"1_4971ac78-9187-442b-8405-429f898dddb4"}
[debug] [2023-03-28T11:41:00.821Z] >>> [apiv2][query] POST https://firebasedatabase.googleapis.com/v1beta/projects/elearning-f6620/locations/us-central1/instances databaseId=elearning-f6620-default-rtdb&validateOnly=true
[debug] [2023-03-28T11:41:00.821Z] >>> [apiv2][body] POST https://firebasedatabase.googleapis.com/v1beta/projects/elearning-f6620/locations/us-central1/instances {"type":"default_database"}
[debug] [2023-03-28T11:41:02.082Z] <<< [apiv2][status] POST https://firebasedatabase.googleapis.com/v1beta/projects/elearning-f6620/locations/us-central1/instances 200
[debug] [2023-03-28T11:41:02.082Z] <<< [apiv2][body] POST https://firebasedatabase.googleapis.com/v1beta/projects/elearning-f6620/locations/us-central1/instances {"name":"projects/337037672325/locations/us-central1/instances/elearning-f6620-default-rtdb","project":"projects/337037672325","databaseUrl":"https://elearning-f6620-default-rtdb.firebaseio.com","type":"DEFAULT_DATABASE","state":"ACTIVE"}
[debug] [2023-03-28T11:41:02.085Z] >>> [apiv2][query] POST https://firebasedatabase.googleapis.com/v1beta/projects/elearning-f6620/locations/us-central1/instances databaseId=elearning-f6620-default-rtdb
[debug] [2023-03-28T11:41:02.085Z] >>> [apiv2][body] POST https://firebasedatabase.googleapis.com/v1beta/projects/elearning-f6620/locations/us-central1/instances {"type":"default_database"}
[debug] [2023-03-28T11:41:03.298Z] <<< [apiv2][status] POST https://firebasedatabase.googleapis.com/v1beta/projects/elearning-f6620/locations/us-central1/instances 200
[debug] [2023-03-28T11:41:03.299Z] <<< [apiv2][body] POST https://firebasedatabase.googleapis.com/v1beta/projects/elearning-f6620/locations/us-central1/instances {"name":"projects/337037672325/locations/us-central1/instances/elearning-f6620-default-rtdb","project":"projects/337037672325","databaseUrl":"https://elearning-f6620-default-rtdb.firebaseio.com","type":"DEFAULT_DATABASE","state":"ACTIVE"}
[info] 
[info] Firebase Realtime Database Security Rules allow you to define how your data should be
[info] structured and when your data can be read from and written to.
[info] 
[debug] [2023-03-28T11:41:16.614Z] >>> [apiv2][query] GET https://elearning-f6620-default-rtdb.firebaseio.com/.settings/rules.json [none]
[debug] [2023-03-28T11:41:18.153Z] <<< [apiv2][status] GET https://elearning-f6620-default-rtdb.firebaseio.com/.settings/rules.json 200
[debug] [2023-03-28T11:41:18.153Z] <<< [apiv2][body] GET https://elearning-f6620-default-rtdb.firebaseio.com/.settings/rules.json [stream]
[info] +  Database Rules for elearning-f6620-default-rtdb have been written to database.rules.json. 
[info] Future modifications to database.rules.json will update Realtime Database Security Rules when you run
[info] firebase deploy.
[info] 
=== Firestore Setup
[debug] [2023-03-28T11:41:18.165Z] >>> [apiv2][query] GET https://serviceusage.googleapis.com/v1/projects/elearning-f6620/services/firestore.googleapis.com [none]
[debug] [2023-03-28T11:41:18.165Z] >>> [apiv2][(partial)header] GET https://serviceusage.googleapis.com/v1/projects/elearning-f6620/services/firestore.googleapis.com x-goog-quota-user=projects/elearning-f6620
[debug] [2023-03-28T11:41:19.947Z] <<< [apiv2][status] GET https://serviceusage.googleapis.com/v1/projects/elearning-f6620/services/firestore.googleapis.com 200
[debug] [2023-03-28T11:41:19.947Z] <<< [apiv2][body] GET https://serviceusage.googleapis.com/v1/projects/elearning-f6620/services/firestore.googleapis.com [omitted]
[debug] [2023-03-28T11:41:19.948Z] >>> [apiv2][query] GET https://firestore.googleapis.com/v1/projects/elearning-f6620/databases/(default) [none]
[debug] [2023-03-28T11:41:21.180Z] <<< [apiv2][status] GET https://firestore.googleapis.com/v1/projects/elearning-f6620/databases/(default) 200
[debug] [2023-03-28T11:41:21.180Z] <<< [apiv2][body] GET https://firestore.googleapis.com/v1/projects/elearning-f6620/databases/(default) {"name":"projects/elearning-f6620/databases/(default)","uid":"07a4db3d-ebee-47de-9e95-602781817ce8","createTime":"2023-03-24T08:34:44.991739Z","updateTime":"2023-03-24T08:34:44.991739Z","locationId":"eur3","type":"FIRESTORE_NATIVE","concurrencyMode":"PESSIMISTIC","appEngineIntegrationMode":"DISABLED","keyPrefix":"e","deleteProtectionState":"DELETE_PROTECTION_DISABLED","etag":"IPGQh7XF/v0CMPultp+U9P0C"}
[debug] [2023-03-28T11:41:21.180Z] database_type: FIRESTORE_NATIVE
[debug] [2023-03-28T11:41:21.181Z] > command requires scopes: ["email","openid","https://www.googleapis.com/auth/cloudplatformprojects.readonly","https://www.googleapis.com/auth/firebase","https://www.googleapis.com/auth/cloud-platform"]
[debug] [2023-03-28T11:41:21.181Z] > authorizing via signed-in user (natenelassefa801@gmail.com)
[debug] [2023-03-28T11:41:21.182Z] [iam] checking project elearning-f6620 for permissions ["firebase.projects.get"]
[debug] [2023-03-28T11:41:21.183Z] >>> [apiv2][query] POST https://cloudresourcemanager.googleapis.com/v1/projects/elearning-f6620:testIamPermissions [none]
[debug] [2023-03-28T11:41:21.183Z] >>> [apiv2][(partial)header] POST https://cloudresourcemanager.googleapis.com/v1/projects/elearning-f6620:testIamPermissions x-goog-quota-user=projects/elearning-f6620
[debug] [2023-03-28T11:41:21.183Z] >>> [apiv2][body] POST https://cloudresourcemanager.googleapis.com/v1/projects/elearning-f6620:testIamPermissions {"permissions":["firebase.projects.get"]}
[debug] [2023-03-28T11:41:23.104Z] <<< [apiv2][status] POST https://cloudresourcemanager.googleapis.com/v1/projects/elearning-f6620:testIamPermissions 200
[debug] [2023-03-28T11:41:23.104Z] <<< [apiv2][body] POST https://cloudresourcemanager.googleapis.com/v1/projects/elearning-f6620:testIamPermissions {"permissions":["firebase.projects.get"]}
[info] 
[info] Firestore Security Rules allow you to define how and when to allow
[info] requests. You can keep these rules in your project directory
[info] and publish them with firebase deploy.
[info] 
[debug] [2023-03-28T11:41:27.261Z] >>> [apiv2][query] GET https://firebaserules.googleapis.com/v1/projects/elearning-f6620/releases pageSize=10&pageToken=
[debug] [2023-03-28T11:41:28.649Z] <<< [apiv2][status] GET https://firebaserules.googleapis.com/v1/projects/elearning-f6620/releases 200
[debug] [2023-03-28T11:41:28.649Z] <<< [apiv2][body] GET https://firebaserules.googleapis.com/v1/projects/elearning-f6620/releases {"releases":[{"name":"projects/elearning-f6620/releases/cloud.firestore","rulesetName":"projects/elearning-f6620/rulesets/d09d1e94-1e38-458f-a430-8dd00b0e1b77","createTime":"2023-03-24T08:34:52.497810Z","updateTime":"2023-03-24T08:34:52.497810Z"}]}
[debug] [2023-03-28T11:41:28.650Z] Found ruleset: projects/elearning-f6620/rulesets/d09d1e94-1e38-458f-a430-8dd00b0e1b77
[debug] [2023-03-28T11:41:28.650Z] >>> [apiv2][query] GET https://firebaserules.googleapis.com/v1/projects/elearning-f6620/rulesets/d09d1e94-1e38-458f-a430-8dd00b0e1b77 [none]
[debug] [2023-03-28T11:41:29.839Z] <<< [apiv2][status] GET https://firebaserules.googleapis.com/v1/projects/elearning-f6620/rulesets/d09d1e94-1e38-458f-a430-8dd00b0e1b77 200
[debug] [2023-03-28T11:41:29.839Z] <<< [apiv2][body] GET https://firebaserules.googleapis.com/v1/projects/elearning-f6620/rulesets/d09d1e94-1e38-458f-a430-8dd00b0e1b77 [omitted]
[info] 
[info] Firestore indexes allow you to perform complex queries while
[info] maintaining performance that scales with the size of the result
[info] set. You can keep index definitions in your project directory
[info] and publish them with firebase deploy.
[info] 
[debug] [2023-03-28T11:41:48.898Z] >>> [apiv2][query] GET https://firestore.googleapis.com/v1/projects/elearning-f6620/databases/(default)/collectionGroups/-/indexes [none]
[debug] [2023-03-28T11:41:48.900Z] >>> [apiv2][query] GET https://firestore.googleapis.com/v1/projects/elearning-f6620/databases/(default)/collectionGroups/-/fields?filter=indexConfig.usesAncestorConfig=false OR ttlConfig:* [none]
[debug] [2023-03-28T11:41:50.190Z] <<< [apiv2][status] GET https://firestore.googleapis.com/v1/projects/elearning-f6620/databases/(default)/collectionGroups/-/indexes 200
[debug] [2023-03-28T11:41:50.191Z] <<< [apiv2][body] GET https://firestore.googleapis.com/v1/projects/elearning-f6620/databases/(default)/collectionGroups/-/indexes {}
[debug] [2023-03-28T11:41:50.585Z] <<< [apiv2][status] GET https://firestore.googleapis.com/v1/projects/elearning-f6620/databases/(default)/collectionGroups/-/fields?filter=indexConfig.usesAncestorConfig=false OR ttlConfig:* 200
[debug] [2023-03-28T11:41:50.586Z] <<< [apiv2][body] GET https://firestore.googleapis.com/v1/projects/elearning-f6620/databases/(default)/collectionGroups/-/fields?filter=indexConfig.usesAncestorConfig=false OR ttlConfig:* {"fields":[{"name":"projects/elearning-f6620/databases/(default)/collectionGroups/__default__/fields/*","indexConfig":{"indexes":[{"queryScope":"COLLECTION","fields":[{"fieldPath":"*","order":"ASCENDING"}],"state":"READY"},{"queryScope":"COLLECTION","fields":[{"fieldPath":"*","order":"DESCENDING"}],"state":"READY"},{"queryScope":"COLLECTION","fields":[{"fieldPath":"*","arrayConfig":"CONTAINS"}],"state":"READY"}]}}]}
[info] 
=== Functions Setup
[debug] [2023-03-28T11:41:50.591Z] > command requires scopes: ["email","openid","https://www.googleapis.com/auth/cloudplatformprojects.readonly","https://www.googleapis.com/auth/firebase","https://www.googleapis.com/auth/cloud-platform"]
[debug] [2023-03-28T11:41:50.592Z] > authorizing via signed-in user (natenelassefa801@gmail.com)
[debug] [2023-03-28T11:41:50.592Z] [iam] checking project elearning-f6620 for permissions ["firebase.projects.get"]
[debug] [2023-03-28T11:41:50.593Z] >>> [apiv2][query] POST https://cloudresourcemanager.googleapis.com/v1/projects/elearning-f6620:testIamPermissions [none]
[debug] [2023-03-28T11:41:50.593Z] >>> [apiv2][(partial)header] POST https://cloudresourcemanager.googleapis.com/v1/projects/elearning-f6620:testIamPermissions x-goog-quota-user=projects/elearning-f6620
[debug] [2023-03-28T11:41:50.593Z] >>> [apiv2][body] POST https://cloudresourcemanager.googleapis.com/v1/projects/elearning-f6620:testIamPermissions {"permissions":["firebase.projects.get"]}
[debug] [2023-03-28T11:41:52.307Z] <<< [apiv2][status] POST https://cloudresourcemanager.googleapis.com/v1/projects/elearning-f6620:testIamPermissions 200
[debug] [2023-03-28T11:41:52.307Z] <<< [apiv2][body] POST https://cloudresourcemanager.googleapis.com/v1/projects/elearning-f6620:testIamPermissions {"permissions":["firebase.projects.get"]}
[debug] [2023-03-28T11:41:52.307Z] >>> [apiv2][query] GET https://serviceusage.googleapis.com/v1/projects/elearning-f6620/services/cloudfunctions.googleapis.com [none]
[debug] [2023-03-28T11:41:52.308Z] >>> [apiv2][(partial)header] GET https://serviceusage.googleapis.com/v1/projects/elearning-f6620/services/cloudfunctions.googleapis.com x-goog-quota-user=projects/elearning-f6620
[debug] [2023-03-28T11:41:52.310Z] >>> [apiv2][query] GET https://serviceusage.googleapis.com/v1/projects/elearning-f6620/services/runtimeconfig.googleapis.com [none]
[debug] [2023-03-28T11:41:52.310Z] >>> [apiv2][(partial)header] GET https://serviceusage.googleapis.com/v1/projects/elearning-f6620/services/runtimeconfig.googleapis.com x-goog-quota-user=projects/elearning-f6620
[debug] [2023-03-28T11:41:54.087Z] <<< [apiv2][status] GET https://serviceusage.googleapis.com/v1/projects/elearning-f6620/services/cloudfunctions.googleapis.com 200
[debug] [2023-03-28T11:41:54.087Z] <<< [apiv2][body] GET https://serviceusage.googleapis.com/v1/projects/elearning-f6620/services/cloudfunctions.googleapis.com [omitted]
[debug] [2023-03-28T11:41:54.087Z] >>> [apiv2][query] POST https://serviceusage.googleapis.com/v1/projects/elearning-f6620/services/cloudfunctions.googleapis.com:enable [none]
[debug] [2023-03-28T11:41:54.088Z] >>> [apiv2][(partial)header] POST https://serviceusage.googleapis.com/v1/projects/elearning-f6620/services/cloudfunctions.googleapis.com:enable x-goog-quota-user=projects/elearning-f6620
[debug] [2023-03-28T11:41:54.116Z] <<< [apiv2][status] GET https://serviceusage.googleapis.com/v1/projects/elearning-f6620/services/runtimeconfig.googleapis.com 200
[debug] [2023-03-28T11:41:54.116Z] <<< [apiv2][body] GET https://serviceusage.googleapis.com/v1/projects/elearning-f6620/services/runtimeconfig.googleapis.com [omitted]
[debug] [2023-03-28T11:41:56.429Z] <<< [apiv2][status] POST https://serviceusage.googleapis.com/v1/projects/elearning-f6620/services/cloudfunctions.googleapis.com:enable 200
[debug] [2023-03-28T11:41:56.429Z] <<< [apiv2][body] POST https://serviceusage.googleapis.com/v1/projects/elearning-f6620/services/cloudfunctions.googleapis.com:enable [omitted]
[debug] [2023-03-28T11:42:06.438Z] >>> [apiv2][query] GET https://serviceusage.googleapis.com/v1/projects/elearning-f6620/services/cloudfunctions.googleapis.com [none]
[debug] [2023-03-28T11:42:06.438Z] >>> [apiv2][(partial)header] GET https://serviceusage.googleapis.com/v1/projects/elearning-f6620/services/cloudfunctions.googleapis.com x-goog-quota-user=projects/elearning-f6620
[debug] [2023-03-28T11:42:08.186Z] <<< [apiv2][status] GET https://serviceusage.googleapis.com/v1/projects/elearning-f6620/services/cloudfunctions.googleapis.com 200
[debug] [2023-03-28T11:42:08.187Z] <<< [apiv2][body] GET https://serviceusage.googleapis.com/v1/projects/elearning-f6620/services/cloudfunctions.googleapis.com [omitted]
[info] Let's create a new codebase for your functions.
[info] A directory corresponding to the codebase will be created in your project
[info] with sample code pre-configured.

[info] See https://firebase.google.com/docs/functions/organize-functions for
[info] more information on organizing your functions using codebases.

[info] Functions can be deployed with firebase deploy.

[info] +  Wrote functions/package.json 
[info] +  Wrote functions/.eslintrc.js 
[info] +  Wrote functions/index.js 
[info] +  Wrote functions/.gitignore 
[info] 
=== Hosting Setup
[info] 
[info] Your public directory is the folder (relative to your project directory) that
[info] will contain Hosting assets to be uploaded with firebase deploy. If you
[info] have a build process for your assets, use your build's output directory.
[info] 
[debug] [2023-03-28T11:43:59.693Z] >>> [apiv2][query] GET https://www.gstatic.com/firebasejs/releases.json [none]
[debug] [2023-03-28T11:44:00.268Z] <<< [apiv2][status] GET https://www.gstatic.com/firebasejs/releases.json 200
[debug] [2023-03-28T11:44:00.269Z] <<< [apiv2][body] GET https://www.gstatic.com/firebasejs/releases.json {"current":{"version":"9.18.0","browserURL":"https://www.gstatic.com/firebasejs/9.18.0/firebase.js","packageURL":"https://www.gstatic.com/firebasejs/9.18.0/firebase.tgz"},"live":{"version":"9.18","browserURL":"https://www.gstatic.com/firebasejs/live/9.18/firebase.js","packageURL":"https://www.gstatic.com/firebasejs/live/9.18/firebase.tgz"},"components":{"analytics":"https://www.gstatic.com/firebasejs/9.18.0/firebase-analytics.js","app":"https://www.gstatic.com/firebasejs/9.18.0/firebase-app.js","app-check":"https://www.gstatic.com/firebasejs/9.18.0/firebase-app-check.js","auth":"https://www.gstatic.com/firebasejs/9.18.0/firebase-auth.js","auth/cordova":"https://www.gstatic.com/firebasejs/9.18.0/firebase-auth/cordova.js","auth/react-native":"https://www.gstatic.com/firebasejs/9.18.0/firebase-auth/react-native.js","functions":"https://www.gstatic.com/firebasejs/9.18.0/firebase-functions.js","firestore":"https://www.gstatic.com/firebasejs/9.18.0/firebase-firestore.js","firestore/lite":"https://www.gstatic.com/firebasejs/9.18.0/firebase-firestore/lite.js","installations":"https://www.gstatic.com/firebasejs/9.18.0/firebase-installations.js","storage":"https://www.gstatic.com/firebasejs/9.18.0/firebase-storage.js","performance":"https://www.gstatic.com/firebasejs/9.18.0/firebase-performance.js","remote-config":"https://www.gstatic.com/firebasejs/9.18.0/firebase-remote-config.js","messaging":"https://www.gstatic.com/firebasejs/9.18.0/firebase-messaging.js","messaging/sw":"https://www.gstatic.com/firebasejs/9.18.0/firebase-messaging/sw.js","database":"https://www.gstatic.com/firebasejs/9.18.0/firebase-database.js","firestore.memory":"https://www.gstatic.com/firebasejs/9.18.0/firebase-firestore.memory.js"}}
[info] +  Wrote public/index.html 
[info] 
[info] i  Detected a .git folder at C:\Users\hp\Documents\ALX\elarning\e-Learning 
[info] i  Authorizing with GitHub to upload your service account to a GitHub repository's secrets store. 
[info] 
[info] Visit this URL on this device to log in:
[info] https://github.com/login/oauth/authorize?client_id=89cf50f02ac6aaed3484&state=1050278354&redirect_uri=http%3A%2F%2Flocalhost%3A9005&scope=read%3Auser%20repo%20public_repo
[info] 
[info] Waiting for authentication...
[debug] [2023-03-28T11:44:18.394Z] >>> [apiv2][query] POST https://github.com/login/oauth/access_token [none]
[debug] [2023-03-28T11:44:18.395Z] >>> [apiv2][body] POST https://github.com/login/oauth/access_token [stream]
[debug] [2023-03-28T11:44:19.087Z] <<< [apiv2][status] POST https://github.com/login/oauth/access_token 200
[debug] [2023-03-28T11:44:19.087Z] <<< [apiv2][body] POST https://github.com/login/oauth/access_token {"access_token":"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","token_type":"bearer","scope":"read:user,repo"}
[debug] [2023-03-28T11:44:19.093Z] >>> [apiv2][query] GET https://api.github.com/user [none]
[debug] [2023-03-28T11:44:19.786Z] <<< [apiv2][status] GET https://api.github.com/user 200
[debug] [2023-03-28T11:44:19.786Z] <<< [apiv2][body] GET https://api.github.com/user {"login":"Natenel42","id":92473527,"node_id":"U_kgDOBYMItw","avatar_url":"https://avatars.githubusercontent.com/u/92473527?v=4","gravatar_id":"","url":"https://api.github.com/users/Natenel42","html_url":"https://github.com/Natenel42","followers_url":"https://api.github.com/users/Natenel42/followers","following_url":"https://api.github.com/users/Natenel42/following{/other_user}","gists_url":"https://api.github.com/users/Natenel42/gists{/gist_id}","starred_url":"https://api.github.com/users/Natenel42/starred{/owner}{/repo}","subscriptions_url":"https://api.github.com/users/Natenel42/subscriptions","organizations_url":"https://api.github.com/users/Natenel42/orgs","repos_url":"https://api.github.com/users/Natenel42/repos","events_url":"https://api.github.com/users/Natenel42/events{/privacy}","received_events_url":"https://api.github.com/users/Natenel42/received_events","type":"User","site_admin":false,"name":"Natenel","company":null,"blog":"","location":"Ethiopia ","email":null,"hireable":null,"bio":"website developer","twitter_username":null,"public_repos":33,"public_gists":0,"followers":2,"following":3,"created_at":"2021-10-13T18:56:22Z","updated_at":"2023-03-12T16:00:36Z","private_gists":0,"total_private_repos":9,"owned_private_repos":9,"disk_usage":88496,"collaborators":0,"two_factor_authentication":false,"plan":{"name":"pro","space":976562499,"collaborators":0,"private_repos":9999}}
[info] 
[info] +  Success! Logged into GitHub as Natenel42 
[info] 
[debug] [2023-03-28T11:44:24.638Z] >>> [apiv2][query] GET https://api.github.com/repos//actions/secrets/public-key type=owner
[debug] [2023-03-28T11:44:25.227Z] <<< [apiv2][status] GET https://api.github.com/repos//actions/secrets/public-key 404
[debug] [2023-03-28T11:44:25.227Z] <<< [apiv2][body] GET https://api.github.com/repos//actions/secrets/public-key {"message":"Not Found","documentation_url":"https://docs.github.com/rest"}
[debug] [2023-03-28T11:44:28.373Z] >>> [apiv2][query] GET https://api.github.com/repos//actions/secrets/public-key type=owner
[debug] [2023-03-28T11:44:28.926Z] <<< [apiv2][status] GET https://api.github.com/repos//actions/secrets/public-key 404
[debug] [2023-03-28T11:44:28.926Z] <<< [apiv2][body] GET https://api.github.com/repos//actions/secrets/public-key {"message":"Not Found","documentation_url":"https://docs.github.com/rest"}
[debug] [2023-03-28T11:44:33.788Z] >>> [apiv2][query] GET https://api.github.com/repos//actions/secrets/public-key type=owner
[debug] [2023-03-28T11:44:34.343Z] <<< [apiv2][status] GET https://api.github.com/repos//actions/secrets/public-key 404
[debug] [2023-03-28T11:44:34.343Z] <<< [apiv2][body] GET https://api.github.com/repos//actions/secrets/public-key {"message":"Not Found","documentation_url":"https://docs.github.com/rest"}
[debug] [2023-03-28T11:44:36.082Z] >>> [apiv2][query] GET https://api.github.com/repos/'/actions/secrets/public-key type=owner
[debug] [2023-03-28T11:44:36.670Z] <<< [apiv2][status] GET https://api.github.com/repos/'/actions/secrets/public-key 404
[debug] [2023-03-28T11:44:36.671Z] <<< [apiv2][body] GET https://api.github.com/repos/'/actions/secrets/public-key {"message":"Not Found","documentation_url":"https://docs.github.com/rest"}
[debug] [2023-03-28T11:44:36.742Z] >>> [apiv2][query] GET https://api.github.com/repos/'/actions/secrets/public-key type=owner
[debug] [2023-03-28T11:44:37.277Z] <<< [apiv2][status] GET https://api.github.com/repos/'/actions/secrets/public-key 404
[debug] [2023-03-28T11:44:37.277Z] <<< [apiv2][body] GET https://api.github.com/repos/'/actions/secrets/public-key {"message":"Not Found","documentation_url":"https://docs.github.com/rest"}
[debug] [2023-03-28T11:44:38.208Z] >>> [apiv2][query] GET https://api.github.com/repos//actions/secrets/public-key type=owner
[debug] [2023-03-28T11:44:38.798Z] <<< [apiv2][status] GET https://api.github.com/repos//actions/secrets/public-key 404
[debug] [2023-03-28T11:44:38.798Z] <<< [apiv2][body] GET https://api.github.com/repos//actions/secrets/public-key {"message":"Not Found","documentation_url":"https://docs.github.com/rest"}
[debug] [2023-03-28T11:44:38.929Z] >>> [apiv2][query] GET https://api.github.com/repos//actions/secrets/public-key type=owner
[debug] [2023-03-28T11:44:39.645Z] <<< [apiv2][status] GET https://api.github.com/repos//actions/secrets/public-key 404
[debug] [2023-03-28T11:44:39.645Z] <<< [apiv2][body] GET https://api.github.com/repos//actions/secrets/public-key {"message":"Not Found","documentation_url":"https://docs.github.com/rest"}
